0 info it worked if it ends with ok
1 verbose cli [ 'C:\\Program Files\\nodejs\\node.exe',
1 verbose cli   'C:\\Program Files\\nodejs\\node_modules\\npm\\bin\\npm-cli.js',
1 verbose cli   'run',
1 verbose cli   'setup' ]
2 info using npm@3.10.3
3 info using node@v6.7.0
4 verbose run-script [ 'presetup', 'setup', 'postsetup' ]
5 info lifecycle housestyles-gulp@0.1.0~presetup: housestyles-gulp@0.1.0
6 silly lifecycle housestyles-gulp@0.1.0~presetup: no script for presetup, continuing
7 info lifecycle housestyles-gulp@0.1.0~setup: housestyles-gulp@0.1.0
8 verbose lifecycle housestyles-gulp@0.1.0~setup: unsafe-perm in lifecycle true
9 verbose lifecycle housestyles-gulp@0.1.0~setup: PATH: C:\Program Files\nodejs\node_modules\npm\bin\node-gyp-bin;C:\Users\andy.sellick\workspace\andysellick\jigsaw\node_modules\.bin;C:\Program Files\nodejs;C:\Users\andy.sellick\bin;C:\Users\andy.sellick\AppData\Local\Programs\Git\mingw64\bin;C:\Users\andy.sellick\AppData\Local\Programs\Git\usr\local\bin;C:\Users\andy.sellick\AppData\Local\Programs\Git\usr\bin;C:\Users\andy.sellick\AppData\Local\Programs\Git\usr\bin;C:\Users\andy.sellick\AppData\Local\Programs\Git\mingw64\bin;C:\Users\andy.sellick\AppData\Local\Programs\Git\usr\bin;C:\Users\andy.sellick\bin;C:\WINDOWS\system32;C:\WINDOWS;C:\WINDOWS\System32\Wbem;C:\WINDOWS\System32\WindowsPowerShell\v1.0;C:\Program Files\nodejs;C:\Users\andy.sellick\AppData\Local\Programs\Python\Python35-32\Scripts;C:\Users\andy.sellick\AppData\Local\Programs\Python\Python35-32;C:\WINDOWS\system32;C:\WINDOWS;C:\WINDOWS\System32\Wbem;C:\WINDOWS\System32\WindowsPowerShell\v1.0;C:\xampp\php;C:\Users\andy.sellick\AppData\Roaming\npm;C:\Users\andy.sellick\AppData\Local\Programs\Git\usr\bin\vendor_perl;C:\Users\andy.sellick\AppData\Local\Programs\Git\usr\bin\core_perl
10 verbose lifecycle housestyles-gulp@0.1.0~setup: CWD: C:\Users\andy.sellick\workspace\andysellick\jigsaw
11 silly lifecycle housestyles-gulp@0.1.0~setup: Args: [ '/d /s /c',
11 silly lifecycle   'npm run run-npm-install && npm run run-bower-install && npm run run-gulp' ]
12 silly lifecycle housestyles-gulp@0.1.0~setup: Returned: code: 1  signal: null
13 info lifecycle housestyles-gulp@0.1.0~setup: Failed to exec setup script
14 verbose stack Error: housestyles-gulp@0.1.0 setup: `npm run run-npm-install && npm run run-bower-install && npm run run-gulp`
14 verbose stack Exit status 1
14 verbose stack     at EventEmitter.<anonymous> (C:\Program Files\nodejs\node_modules\npm\lib\utils\lifecycle.js:242:16)
14 verbose stack     at emitTwo (events.js:106:13)
14 verbose stack     at EventEmitter.emit (events.js:191:7)
14 verbose stack     at ChildProcess.<anonymous> (C:\Program Files\nodejs\node_modules\npm\lib\utils\spawn.js:40:14)
14 verbose stack     at emitTwo (events.js:106:13)
14 verbose stack     at ChildProcess.emit (events.js:191:7)
14 verbose stack     at maybeClose (internal/child_process.js:877:16)
14 verbose stack     at Process.ChildProcess._handle.onexit (internal/child_process.js:226:5)
15 verbose pkgid housestyles-gulp@0.1.0
16 verbose cwd C:\Users\andy.sellick\workspace\andysellick\jigsaw
17 error Windows_NT 10.0.10240
18 error argv "C:\\Program Files\\nodejs\\node.exe" "C:\\Program Files\\nodejs\\node_modules\\npm\\bin\\npm-cli.js" "run" "setup"
19 error node v6.7.0
20 error npm  v3.10.3
21 error code ELIFECYCLE
22 error housestyles-gulp@0.1.0 setup: `npm run run-npm-install && npm run run-bower-install && npm run run-gulp`
22 error Exit status 1
23 error Failed at the housestyles-gulp@0.1.0 setup script 'npm run run-npm-install && npm run run-bower-install && npm run run-gulp'.
23 error Make sure you have the latest version of node.js and npm installed.
23 error If you do, this is most likely a problem with the housestyles-gulp package,
23 error not with npm itself.
23 error Tell the author that this fails on your system:
23 error     npm run run-npm-install && npm run run-bower-install && npm run run-gulp
23 error You can get information on how to open an issue for this project with:
23 error     npm bugs housestyles-gulp
23 error Or if that isn't available, you can get their info via:
23 error     npm owner ls housestyles-gulp
23 error There is likely additional logging output above.
24 verbose exit [ 1, true ]
